2022-06-15T11:35:39.222Z - log: [Package] menu@1.0.0 enable
2022-06-15T11:35:39.224Z - log: [Package] profile@1.0.0 enable
2022-06-15T11:35:39.235Z - log: [Package] project@1.0.2 enable
2022-06-15T11:35:39.241Z - log: [Package] messages@1.0.0 enable
2022-06-15T11:35:39.247Z - log: [Package] program@1.0.0 enable
2022-06-15T11:35:39.253Z - log: [Package] tester@1.0.0 enable
2022-06-15T11:35:39.259Z - log: [Package] preferences@1.0.0 enable
2022-06-15T11:35:40.036Z - log: Setup mods mgr.: 396.835ms
2022-06-15T11:35:40.038Z - log: Profile changed: engine (modules.includeModules: 2d,animation,audio,base,dragon-bones,gfx-webgl,gfx-webgl2,intersection-2d,marionette,particle-2d,physics-2d-box2d,profiler,skeletal-animation,spine,tiled-map,tween,ui,video,webview)
2022-06-15T11:35:40.061Z - verbose: [Engine] QuickCompile engine (736ms)
2022-06-15T11:35:40.065Z - log: [Package] engine@1.0.6 enable
2022-06-15T11:35:41.075Z - log: [Package] programming@1.0.0 enable
2022-06-15T11:35:41.383Z - log: [Package] device@1.0.1 enable
2022-06-15T11:35:41.415Z - log: [Package] ui-kit@1.0.1 enable
2022-06-15T11:35:41.452Z - log: [Package] engine-extends@1.0.0 enable
2022-06-15T11:35:41.521Z - log: [Package] asset-db@1.0.0 enable
2022-06-15T11:35:41.592Z - log: [Package] scene@1.0.0 enable
2022-06-15T11:35:41.789Z - log: [Package] server@1.0.0 enable
2022-06-15T11:35:41.821Z - log: [Package] utils@1.0.0 enable
2022-06-15T11:35:45.722Z - log: [Package] preview@1.0.1 enable
2022-06-15T11:35:45.785Z - log: [Package] animator@1.0.0 enable
2022-06-15T11:35:46.759Z - log: Profile changed: builder (log.level: 4)
2022-06-15T11:35:46.768Z - log: [Package] builder@1.3.2 enable
2022-06-15T11:35:46.834Z - log: [Package] shortcuts@1.0.1 enable
2022-06-15T11:35:46.901Z - log: [Package] animation-graph@1.0.0 enable
2022-06-15T11:35:46.957Z - log: [Package] runtime-dev-tools@1.0.0 enable
2022-06-15T11:35:46.979Z - log: [Package] channel-upload-tools@1.0.0 enable
2022-06-15T11:35:47.015Z - log: [Package] about@1.0.0 enable
2022-06-15T11:35:47.064Z - log: [Package] assets@1.0.0 enable
2022-06-15T11:35:47.129Z - log: [Package] console@1.0.0 enable
2022-06-15T11:35:47.358Z - log: [Package] extension@3.0.16 enable
2022-06-15T11:35:47.419Z - log: [Package] hierarchy@1.0.0 enable
2022-06-15T11:35:47.485Z - log: [Package] inspector@1.0.0 enable
2022-06-15T11:35:47.551Z - log: [Package] lightmap@1.0.4 enable
2022-06-15T11:35:47.615Z - log: [Package] node-library@1.0.1 enable
2022-06-15T11:35:47.669Z - log: [Package] package-asset@1.0.0 enable
2022-06-15T11:35:47.705Z - log: [Package] process@1.0.0 enable
2022-06-15T11:35:47.749Z - log: [Package] reference-image@1.0.0 enable
2022-06-15T11:35:47.803Z - log: [Package] alipay-mini-game@1.0.0 enable
2022-06-15T11:35:47.828Z - log: [Package] android@1.0.0 enable
2022-06-15T11:35:47.858Z - log: [Package] baidu-mini-game@1.0.0 enable
2022-06-15T11:35:47.882Z - log: [Package] bytedance-mini-game@1.0.1 enable
2022-06-15T11:35:47.909Z - log: [Package] cocos-play@1.0.0 enable
2022-06-15T11:35:47.934Z - log: [Package] huawei-agc@1.0.0 enable
2022-06-15T11:35:47.961Z - log: [Package] huawei-quick-game@1.0.0 enable
2022-06-15T11:35:54.278Z - log: [Package] ios@1.0.0 enable
2022-06-15T11:35:54.289Z - verbose: [AssetDB] Require engine code (1986ms)
2022-06-15T11:35:54.305Z - log: [Package] ios-app-clip@1.0.0 enable
2022-06-15T11:35:54.327Z - log: [Package] link-sure@1.0.0 enable
2022-06-15T11:35:54.350Z - log: [Package] linux@1.0.0 enable
2022-06-15T11:35:54.373Z - log: [Package] mac@1.0.0 enable
2022-06-15T11:35:54.516Z - log: [Package] native@1.0.0 enable
2022-06-15T11:35:54.554Z - log: [Package] ohos@1.0.0 enable
2022-06-15T11:35:54.581Z - log: [Package] open-harmonyos@1.0.0 enable
2022-06-15T11:35:54.607Z - log: [Package] oppo-mini-game@1.0.0 enable
2022-06-15T11:35:54.636Z - log: [Package] qtt@1.0.0 enable
2022-06-15T11:35:54.664Z - log: [Package] vivo-mini-game@1.0.0 enable
2022-06-15T11:35:54.709Z - log: [Package] web-desktop@1.0.0 enable
2022-06-15T11:35:54.759Z - log: [Package] web-mobile@1.0.0 enable
2022-06-15T11:35:54.840Z - log: [Package] wechatgame@1.0.1 enable
2022-06-15T11:35:54.908Z - log: [Package] windows@1.0.0 enable
2022-06-15T11:35:54.933Z - log: [Package] xiaomi-quick-game@1.0.0 enable
2022-06-15T11:35:55.220Z - log: [Package] cocos-service@3.0.3 enable
2022-06-15T11:35:55.294Z - log: [Package] importer@1.0.0 enable
2022-06-15T11:35:55.652Z - log: [Im-plugin] Check im-plugin version.
2022-06-15T11:35:55.667Z - log: [Package] im-plugin@3.0.8 enable
2022-06-15T11:35:57.172Z - log: [Im-plugin] No online info of im-plugin.
2022-06-15T11:36:05.806Z - verbose: [Scene] Require engine code (1ms)
2022-06-15T11:36:05.807Z - verbose: [Scene] Startup engine (1ms)
2022-06-15T11:36:05.840Z - log: [Scene] Cocos Creator v3.5.1
2022-06-15T11:36:06.522Z - verbose: [Scene] Open engine (715ms)
2022-06-15T11:36:06.522Z - verbose: [Scene] Configure engine (0ms)
2022-06-15T11:36:06.169Z - info: [Scene] Forward render pipeline initialized.
2022-06-15T11:36:13.761Z - warn: Metrics: no valid info
2022-06-15T11:37:53.864Z - log: [Package] menu@1.0.0 enable
2022-06-15T11:37:53.867Z - log: [Package] profile@1.0.0 enable
2022-06-15T11:37:53.880Z - log: [Package] project@1.0.2 enable
2022-06-15T11:37:53.887Z - log: [Package] messages@1.0.0 enable
2022-06-15T11:37:53.890Z - log: [Package] program@1.0.0 enable
2022-06-15T11:37:53.899Z - log: [Package] tester@1.0.0 enable
2022-06-15T11:37:53.906Z - log: [Package] preferences@1.0.0 enable
2022-06-15T11:37:54.632Z - log: Setup mods mgr.: 361.546ms
2022-06-15T11:37:54.633Z - log: Profile changed: engine (modules.includeModules: 2d,animation,audio,base,dragon-bones,gfx-webgl,gfx-webgl2,intersection-2d,marionette,particle-2d,physics-2d-box2d,profiler,skeletal-animation,spine,tiled-map,tween,ui,video,webview)
2022-06-15T11:37:54.651Z - verbose: [Engine] QuickCompile engine (677ms)
2022-06-15T11:37:54.655Z - log: [Package] engine@1.0.6 enable
2022-06-15T11:37:55.529Z - log: [Package] programming@1.0.0 enable
2022-06-15T11:37:55.851Z - log: [Package] device@1.0.1 enable
2022-06-15T11:37:55.882Z - log: [Package] ui-kit@1.0.1 enable
2022-06-15T11:37:55.906Z - log: [Package] engine-extends@1.0.0 enable
2022-06-15T11:37:55.981Z - log: [Package] asset-db@1.0.0 enable
2022-06-15T11:37:56.053Z - log: [Package] scene@1.0.0 enable
2022-06-15T11:37:56.237Z - log: [Package] server@1.0.0 enable
2022-06-15T11:37:56.267Z - log: [Package] utils@1.0.0 enable
2022-06-15T11:38:00.338Z - log: [Package] preview@1.0.1 enable
2022-06-15T11:38:00.436Z - log: [Package] animator@1.0.0 enable
2022-06-15T11:38:01.434Z - log: [Package] builder@1.3.2 enable
2022-06-15T11:38:01.498Z - log: [Package] shortcuts@1.0.1 enable
2022-06-15T11:38:01.570Z - log: [Package] animation-graph@1.0.0 enable
2022-06-15T11:38:01.637Z - log: [Package] runtime-dev-tools@1.0.0 enable
2022-06-15T11:38:01.661Z - log: [Package] channel-upload-tools@1.0.0 enable
2022-06-15T11:38:01.698Z - log: [Package] about@1.0.0 enable
2022-06-15T11:38:01.763Z - log: [Package] assets@1.0.0 enable
2022-06-15T11:38:01.835Z - log: [Package] console@1.0.0 enable
2022-06-15T11:38:02.067Z - log: [Package] extension@3.0.16 enable
2022-06-15T11:38:02.136Z - log: [Package] hierarchy@1.0.0 enable
2022-06-15T11:38:02.197Z - log: [Package] inspector@1.0.0 enable
2022-06-15T11:38:02.262Z - log: [Package] lightmap@1.0.4 enable
2022-06-15T11:38:02.339Z - log: [Package] node-library@1.0.1 enable
2022-06-15T11:38:02.404Z - log: [Package] package-asset@1.0.0 enable
2022-06-15T11:38:02.489Z - log: [Package] process@1.0.0 enable
2022-06-15T11:38:02.573Z - log: [Package] reference-image@1.0.0 enable
2022-06-15T11:38:02.655Z - log: [Package] alipay-mini-game@1.0.0 enable
2022-06-15T11:38:02.684Z - log: [Package] android@1.0.0 enable
2022-06-15T11:38:02.712Z - log: [Package] baidu-mini-game@1.0.0 enable
2022-06-15T11:38:02.741Z - log: [Package] bytedance-mini-game@1.0.1 enable
2022-06-15T11:38:02.769Z - log: [Package] cocos-play@1.0.0 enable
2022-06-15T11:38:02.797Z - log: [Package] huawei-agc@1.0.0 enable
2022-06-15T11:38:02.801Z - verbose: [AssetDB] Require engine code (1588ms)
2022-06-15T11:38:02.824Z - log: [Package] huawei-quick-game@1.0.0 enable
2022-06-15T11:38:06.375Z - log: [Package] ios@1.0.0 enable
2022-06-15T11:38:06.402Z - log: [Package] ios-app-clip@1.0.0 enable
2022-06-15T11:38:06.424Z - log: [Package] link-sure@1.0.0 enable
2022-06-15T11:38:06.449Z - log: [Package] linux@1.0.0 enable
2022-06-15T11:38:06.471Z - log: [Package] mac@1.0.0 enable
2022-06-15T11:38:06.604Z - log: [Package] native@1.0.0 enable
2022-06-15T11:38:06.628Z - log: [Package] ohos@1.0.0 enable
2022-06-15T11:38:06.655Z - log: [Package] open-harmonyos@1.0.0 enable
2022-06-15T11:38:06.678Z - log: [Package] oppo-mini-game@1.0.0 enable
2022-06-15T11:38:06.704Z - log: [Package] qtt@1.0.0 enable
2022-06-15T11:38:06.733Z - log: [Package] vivo-mini-game@1.0.0 enable
2022-06-15T11:38:06.772Z - log: [Package] web-desktop@1.0.0 enable
2022-06-15T11:38:06.820Z - log: [Package] web-mobile@1.0.0 enable
2022-06-15T11:38:06.886Z - log: [Package] wechatgame@1.0.1 enable
2022-06-15T11:38:06.952Z - log: [Package] windows@1.0.0 enable
2022-06-15T11:38:06.979Z - log: [Package] xiaomi-quick-game@1.0.0 enable
2022-06-15T11:38:07.242Z - log: [Package] cocos-service@3.0.3 enable
2022-06-15T11:38:07.305Z - log: [Package] importer@1.0.0 enable
2022-06-15T11:38:07.671Z - log: [Im-plugin] Check im-plugin version.
2022-06-15T11:38:07.694Z - log: [Package] im-plugin@3.0.8 enable
2022-06-15T11:38:09.282Z - log: [Im-plugin] No online info of im-plugin.
2022-06-15T11:38:11.955Z - verbose: [Scene] Require engine code (1ms)
2022-06-15T11:38:11.956Z - verbose: [Scene] Startup engine (1ms)
2022-06-15T11:38:11.989Z - log: [Scene] Cocos Creator v3.5.1
2022-06-15T11:38:12.333Z - verbose: [Scene] Open engine (377ms)
2022-06-15T11:38:12.333Z - verbose: [Scene] Configure engine (0ms)
2022-06-15T11:38:12.081Z - info: [Scene] Forward render pipeline initialized.
2022-06-15T12:07:44.060Z - error: [Scene] Can't add component 'cc.Sprite' because Sprite already contains the same component.Error: Can't add component 'cc.Sprite' because Sprite already contains the same component.
    at Node._checkMultipleComp (/Applications/CocosCreator/Creator/3.5.1/CocosCreator.app/Contents/Resources/resources/3d/engine/bin/.cache/dev/editor/bundled/index.js:150897:17)
    at Node.addComponent (/Applications/CocosCreator/Creator/3.5.1/CocosCreator.app/Contents/Resources/resources/3d/engine/bin/.cache/dev/editor/bundled/index.js:152986:12)
    at NodeManager.createComponent (/Applications/CocosCreator/Creator/3.5.1/CocosCreator.app/Contents/Resources/app.asar/builtin/scene/dist/script/3d/manager/node/index.ccc:1:9561)
    at GeneralSceneFacade.createComponent (/Applications/CocosCreator/Creator/3.5.1/CocosCreator.app/Contents/Resources/app.asar/builtin/scene/dist/script/3d/facade/general-scene-facade.ccc:1:9696)
    at SceneFacadeManager.createComponent (/Applications/CocosCreator/Creator/3.5.1/CocosCreator.app/Contents/Resources/app.asar/builtin/scene/dist/script/3d/facade/scene-facade-manager.ccc:1:16710)
    at step (/Applications/CocosCreator/Creator/3.5.1/CocosCreator.app/Contents/Resources/app.asar/builtin/scene/dist/script/3d/manager/ipc.ccc:1:704)
    at /Applications/CocosCreator/Creator/3.5.1/CocosCreator.app/Contents/Resources/app.asar/builtin/scene/dist/script/3d/manager/ipc.ccc:1:1545
    at new Promise (<anonymous>)
    at /Applications/CocosCreator/Creator/3.5.1/CocosCreator.app/Contents/Resources/app.asar/builtin/scene/dist/script/3d/manager/ipc.ccc:1:1482
    at EventEmitter.<anonymous> (/Applications/CocosCreator/Creator/3.5.1/CocosCreator.app/Contents/Resources/app.asar/builtin/scene/dist/script/public/ipc/webview.ccc:1:767)
2022-06-16T01:52:09.105Z - error: getImSetting failed
